30/03/2026 17:37:00	This log contains information about the import schema operation into project 'ZaawansowaneBazyDanych' on computer 'MAKSYMSHABLABA0' by user 'mshablovskyy'.
30/03/2026 17:37:00	Import of database schema has started.
30/03/2026 17:37:02	Gathering logins
30/03/2026 17:37:07	Gathering database credentials
30/03/2026 17:37:07	Gathering database options
30/03/2026 17:37:07	Gathering generic database scoped configuration option
30/03/2026 17:37:07	Gathering users
30/03/2026 17:37:07	Gathering roles
30/03/2026 17:37:07	Gathering application roles
30/03/2026 17:37:07	Gathering role memberships
30/03/2026 17:37:07	Gathering filegroups
30/03/2026 17:37:07	Gathering files
30/03/2026 17:37:07	Gathering full-text catalogs
30/03/2026 17:37:07	Gathering assemblies
30/03/2026 17:37:07	Gathering certificates
30/03/2026 17:37:07	Gathering symmetric keys
30/03/2026 17:37:07	Gathering encrypted symmetric keys
30/03/2026 17:37:07	Gathering schemas
30/03/2026 17:37:07	Gathering XML schema collections
30/03/2026 17:37:07	Gathering user-defined data types
30/03/2026 17:37:07	Gathering user-defined types
30/03/2026 17:37:07	Gathering table types
30/03/2026 17:37:07	Gathering unique keys for table types
30/03/2026 17:37:07	Gathering primary keys for table types
30/03/2026 17:37:07	Gathering indexes for table types
30/03/2026 17:37:07	Gathering check constraints for table types
30/03/2026 17:37:07	Gathering default constraints for table types
30/03/2026 17:37:07	Gathering partition functions
30/03/2026 17:37:07	Gathering partition schemes
30/03/2026 17:37:07	Gathering functions
30/03/2026 17:37:08	Gathering encrypted functions
30/03/2026 17:37:08	Gathering aggregates
30/03/2026 17:37:08	Gathering procedures
30/03/2026 17:37:08	Gathering encrypted procedures
30/03/2026 17:37:08	Gathering tables
30/03/2026 17:37:08	Gathering primary keys
30/03/2026 17:37:08	Gathering unique constraints
30/03/2026 17:37:08	Gathering foreign keys
30/03/2026 17:37:08	Gathering default constraints
30/03/2026 17:37:08	Gathering check constraints
30/03/2026 17:37:08	Gathering views
30/03/2026 17:37:08	Gathering encrypted views
30/03/2026 17:37:08	Gathering indexes
30/03/2026 17:37:08	Gathering statistics
30/03/2026 17:37:08	Gathering full-text index stoplists
30/03/2026 17:37:08	Gathering search property lists
30/03/2026 17:37:08	Gathering search properties
30/03/2026 17:37:08	Gathering full-text indexes
30/03/2026 17:37:08	Gathering column store indexes
30/03/2026 17:37:08	Gathering spatial indexes
30/03/2026 17:37:08	Gathering XML indexes
30/03/2026 17:37:08	Gathering Selective XML indexes
30/03/2026 17:37:08	Gathering encrypted triggers
30/03/2026 17:37:08	Gathering triggers
30/03/2026 17:37:08	Gathering encrypted and clr ddl triggers
30/03/2026 17:37:08	Gathering ddl triggers
30/03/2026 17:37:08	Creating edge constraints
30/03/2026 17:37:08	Gathering synonyms
30/03/2026 17:37:08	Gathering defaults
30/03/2026 17:37:08	Gathering data constraint uddt bindings
30/03/2026 17:37:08	Gathering rules
30/03/2026 17:37:08	Gathering data constraint uddt bindings
30/03/2026 17:37:08	Gathering message types
30/03/2026 17:37:08	Gathering queues
30/03/2026 17:37:08	Gathering contracts
30/03/2026 17:37:08	Gathering services
30/03/2026 17:37:08	Gathering event notifications
30/03/2026 17:37:08	Gathering remote service bindings
30/03/2026 17:37:08	Gathering broker priorities
30/03/2026 17:37:08	Gathering signatures
30/03/2026 17:37:08	Gathering compression options
30/03/2026 17:37:08	Gathering sequence types
30/03/2026 17:37:08	Gathering security policies
30/03/2026 17:37:08	Gather column encryption keys
30/03/2026 17:37:08	Gathering column master keys
30/03/2026 17:37:08	Gathering external data sources
30/03/2026 17:37:08	Gathering external file formats
30/03/2026 17:37:08	Gathering external tables
30/03/2026 17:37:08	Gathering XML index compression options
30/03/2026 17:37:08	Gathering extended properties
30/03/2026 17:37:08	Gathering assemblies
30/03/2026 17:37:08	Scanning project for duplicate elements
30/03/2026 17:37:08	Finished duplicate element processing
30/03/2026 17:37:09	Finished importing database.
30/03/2026 17:37:09	A summary of the import was saved to the following location: Z:\University\year2\SQL\GitFolder\ZaawansowaneBazyDanych\ZaawansowaneBazyDanych\Import Schema Logs\ZaawansowaneBazyDany_20260330033700.log
30/03/2026 17:37:09	Click Finish to continue...
